<?xml version="1.0" encoding="UTF-8"?>
<coverage generated="1514490165159" clover="3.2.0">
  <project timestamp="1514490165159" name="All files">
    <metrics statements="62" coveredstatements="61" conditionals="22" coveredconditionals="20" methods="16" coveredmethods="16" elements="100" coveredelements="97" complexity="0" loc="62" ncloc="62" packages="2" files="3" classes="3">
      <package name="DataStructures">
        <metrics statements="3" coveredstatements="3" conditionals="0" coveredconditionals="0" methods="0" coveredmethods="0"/>
        <file name="index.js" path="C:\Users\sabri\Documents\Projects\Santi\DataStructures\index.js">
          <metrics statements="3" coveredstatements="3" conditionals="0" coveredconditionals="0" methods="0" coveredmethods="0"/>
          <line num="1" count="2" type="stmt"/>
          <line num="2" count="2" type="stmt"/>
          <line num="4" count="2" type="stmt"/>
        </file>
      </package>
      <package name="DataStructures.src.queue">
        <metrics statements="59" coveredstatements="58" conditionals="22" coveredconditionals="20" methods="16" coveredmethods="16"/>
        <file name="CircularBuffer.js" path="C:\Users\sabri\Documents\Projects\Santi\DataStructures\src\queue\CircularBuffer.js">
          <metrics statements="15" coveredstatements="15" conditionals="5" coveredconditionals="4" methods="7" coveredmethods="7"/>
          <line num="4" count="7" type="stmt"/>
          <line num="5" count="7" type="stmt"/>
          <line num="6" count="7" type="stmt"/>
          <line num="7" count="7" type="stmt"/>
          <line num="11" count="2221" type="cond" truecount="2" falsecount="0"/>
          <line num="12" count="1231" type="stmt"/>
          <line num="17" count="120" type="cond" truecount="1" falsecount="1"/>
          <line num="18" count="120" type="stmt"/>
          <line num="19" count="120" type="stmt"/>
          <line num="20" count="120" type="stmt"/>
          <line num="25" count="10" type="stmt"/>
          <line num="29" count="2221" type="stmt"/>
          <line num="33" count="142" type="stmt"/>
          <line num="37" count="5" type="stmt"/>
          <line num="42" count="2" type="stmt"/>
        </file>
        <file name="PriorityQueue.js" path="C:\Users\sabri\Documents\Projects\Santi\DataStructures\src\queue\PriorityQueue.js">
          <metrics statements="44" coveredstatements="43" conditionals="17" coveredconditionals="16" methods="9" coveredmethods="9"/>
          <line num="2" count="1134" type="stmt"/>
          <line num="3" count="1134" type="stmt"/>
          <line num="4" count="1134" type="stmt"/>
          <line num="6" count="1134" type="cond" truecount="4" falsecount="0"/>
          <line num="7" count="777" type="stmt"/>
          <line num="10" count="1134" type="cond" truecount="4" falsecount="0"/>
          <line num="11" count="373" type="stmt"/>
          <line num="14" count="1134" type="cond" truecount="2" falsecount="0"/>
          <line num="15" count="834" type="stmt"/>
          <line num="16" count="834" type="stmt"/>
          <line num="17" count="834" type="stmt"/>
          <line num="18" count="834" type="stmt"/>
          <line num="22" count="2" type="stmt"/>
          <line num="23" count="2627" type="stmt"/>
          <line num="24" count="480" type="stmt"/>
          <line num="31" count="7" type="cond" truecount="3" falsecount="0"/>
          <line num="34" count="1" type="stmt"/>
          <line num="35" count="1" type="stmt"/>
          <line num="38" count="1" type="stmt"/>
          <line num="39" count="1" type="stmt"/>
          <line num="42" count="5" type="stmt"/>
          <line num="47" count="7" type="stmt"/>
          <line num="48" count="7" type="stmt"/>
          <line num="53" count="701" type="stmt"/>
          <line num="54" count="701" type="stmt"/>
          <line num="55" count="701" type="stmt"/>
          <line num="58" count="701" type="cond" truecount="2" falsecount="0"/>
          <line num="60" count="1566" type="stmt"/>
          <line num="61" count="1566" type="stmt"/>
          <line num="62" count="1566" type="stmt"/>
          <line num="63" count="1566" type="stmt"/>
          <line num="64" count="1566" type="stmt"/>
          <line num="68" count="701" type="stmt"/>
          <line num="72" count="300" type="cond" truecount="1" falsecount="1"/>
          <line num="73" count="0" type="stmt"/>
          <line num="77" count="300" type="stmt"/>
          <line num="80" count="300" type="stmt"/>
          <line num="82" count="300" type="stmt"/>
          <line num="86" count="501" type="stmt"/>
          <line num="90" count="2" type="stmt"/>
          <line num="94" count="205" type="stmt"/>
          <line num="99" count="2" type="stmt"/>
          <line num="100" count="2" type="stmt"/>
          <line num="101" count="2" type="stmt"/>
        </file>
      </package>
    </metrics>
  </project>
</coverage>
