<?xml version="1.0" encoding="UTF-8"?>
<coverage generated="1514578249820" clover="3.2.0">
  <project timestamp="1514578249820" name="All files">
    <metrics statements="138" coveredstatements="138" conditionals="52" coveredconditionals="52" methods="38" coveredmethods="38" elements="228" coveredelements="228" complexity="0" loc="138" ncloc="138" packages="4" files="5" classes="5">
      <package name="DataStructures">
        <metrics statements="5" coveredstatements="5" conditionals="0" coveredconditionals="0" methods="0" coveredmethods="0"/>
        <file name="index.js" path="C:\Users\sabri\Documents\Projects\Santi\DataStructures\index.js">
          <metrics statements="5" coveredstatements="5" conditionals="0" coveredconditionals="0" methods="0" coveredmethods="0"/>
          <line num="2" count="4" type="stmt"/>
          <line num="3" count="4" type="stmt"/>
          <line num="6" count="4" type="stmt"/>
          <line num="9" count="4" type="stmt"/>
          <line num="11" count="4" type="stmt"/>
        </file>
      </package>
      <package name="DataStructures.src.list">
        <metrics statements="57" coveredstatements="57" conditionals="26" coveredconditionals="26" methods="14" coveredmethods="14"/>
        <file name="LinkedList.js" path="C:\Users\sabri\Documents\Projects\Santi\DataStructures\src\list\LinkedList.js">
          <metrics statements="57" coveredstatements="57" conditionals="26" coveredconditionals="26" methods="14" coveredmethods="14"/>
          <line num="4" count="291" type="stmt"/>
          <line num="5" count="291" type="stmt"/>
          <line num="13" count="22" type="stmt"/>
          <line num="14" count="22" type="stmt"/>
          <line num="21" count="287" type="stmt"/>
          <line num="22" count="287" type="stmt"/>
          <line num="29" count="61" type="cond" truecount="2" falsecount="0"/>
          <line num="30" count="60" type="stmt"/>
          <line num="31" count="60" type="stmt"/>
          <line num="41" count="4" type="stmt"/>
          <line num="43" count="4" type="cond" truecount="2" falsecount="0"/>
          <line num="44" count="1" type="stmt"/>
          <line num="45" count="1" type="stmt"/>
          <line num="48" count="3" type="stmt"/>
          <line num="50" count="3" type="cond" truecount="2" falsecount="0"/>
          <line num="51" count="77" type="stmt"/>
          <line num="54" count="3" type="stmt"/>
          <line num="58" count="4" type="stmt"/>
          <line num="60" count="4" type="cond" truecount="2" falsecount="0"/>
          <line num="61" count="1" type="stmt"/>
          <line num="62" count="1" type="stmt"/>
          <line num="65" count="3" type="stmt"/>
          <line num="66" count="3" type="cond" truecount="2" falsecount="0"/>
          <line num="67" count="17" type="stmt"/>
          <line num="70" count="3" type="cond" truecount="4" falsecount="0"/>
          <line num="71" count="2" type="stmt"/>
          <line num="76" count="160" type="stmt"/>
          <line num="80" count="7" type="stmt"/>
          <line num="81" count="7" type="cond" truecount="2" falsecount="0"/>
          <line num="82" count="17" type="stmt"/>
          <line num="85" count="7" type="cond" truecount="2" falsecount="0"/>
          <line num="86" count="6" type="stmt"/>
          <line num="91" count="5" type="stmt"/>
          <line num="93" count="5" type="cond" truecount="2" falsecount="0"/>
          <line num="94" count="12" type="stmt"/>
          <line num="95" count="12" type="stmt"/>
          <line num="98" count="5" type="cond" truecount="2" falsecount="0"/>
          <line num="99" count="4" type="stmt"/>
          <line num="102" count="1" type="stmt"/>
          <line num="106" count="9" type="stmt"/>
          <line num="110" count="6" type="stmt"/>
          <line num="114" count="2" type="stmt"/>
          <line num="116" count="2" type="stmt"/>
          <line num="117" count="8" type="cond" truecount="2" falsecount="0"/>
          <line num="118" count="1" type="stmt"/>
          <line num="121" count="7" type="stmt"/>
          <line num="124" count="1" type="stmt"/>
          <line num="128" count="2" type="stmt"/>
          <line num="130" count="2" type="stmt"/>
          <line num="131" count="8" type="cond" truecount="2" falsecount="0"/>
          <line num="132" count="1" type="stmt"/>
          <line num="135" count="7" type="stmt"/>
          <line num="138" count="1" type="stmt"/>
          <line num="142" count="1" type="stmt"/>
          <line num="143" count="1" type="stmt"/>
          <line num="144" count="1" type="stmt"/>
          <line num="149" count="4" type="stmt"/>
        </file>
      </package>
      <package name="DataStructures.src.queue">
        <metrics statements="59" coveredstatements="59" conditionals="22" coveredconditionals="22" methods="16" coveredmethods="16"/>
        <file name="CircularBuffer.js" path="C:\Users\sabri\Documents\Projects\Santi\DataStructures\src\queue\CircularBuffer.js">
          <metrics statements="15" coveredstatements="15" conditionals="5" coveredconditionals="5" methods="7" coveredmethods="7"/>
          <line num="4" count="8" type="stmt"/>
          <line num="5" count="8" type="stmt"/>
          <line num="6" count="8" type="stmt"/>
          <line num="7" count="8" type="stmt"/>
          <line num="11" count="2221" type="cond" truecount="2" falsecount="0"/>
          <line num="12" count="1231" type="stmt"/>
          <line num="17" count="121" type="cond" truecount="2" falsecount="0"/>
          <line num="18" count="120" type="stmt"/>
          <line num="19" count="120" type="stmt"/>
          <line num="20" count="120" type="stmt"/>
          <line num="25" count="10" type="stmt"/>
          <line num="29" count="2221" type="stmt"/>
          <line num="33" count="143" type="stmt"/>
          <line num="37" count="5" type="stmt"/>
          <line num="42" count="4" type="stmt"/>
        </file>
        <file name="PriorityQueue.js" path="C:\Users\sabri\Documents\Projects\Santi\DataStructures\src\queue\PriorityQueue.js">
          <metrics statements="44" coveredstatements="44" conditionals="17" coveredconditionals="17" methods="9" coveredmethods="9"/>
          <line num="2" count="1128" type="stmt"/>
          <line num="3" count="1128" type="stmt"/>
          <line num="4" count="1128" type="stmt"/>
          <line num="6" count="1128" type="cond" truecount="4" falsecount="0"/>
          <line num="7" count="773" type="stmt"/>
          <line num="10" count="1128" type="cond" truecount="4" falsecount="0"/>
          <line num="11" count="372" type="stmt"/>
          <line num="14" count="1128" type="cond" truecount="2" falsecount="0"/>
          <line num="15" count="828" type="stmt"/>
          <line num="16" count="828" type="stmt"/>
          <line num="17" count="828" type="stmt"/>
          <line num="18" count="828" type="stmt"/>
          <line num="22" count="4" type="stmt"/>
          <line num="23" count="2633" type="stmt"/>
          <line num="24" count="480" type="stmt"/>
          <line num="31" count="8" type="cond" truecount="3" falsecount="0"/>
          <line num="34" count="1" type="stmt"/>
          <line num="35" count="1" type="stmt"/>
          <line num="38" count="1" type="stmt"/>
          <line num="39" count="1" type="stmt"/>
          <line num="42" count="6" type="stmt"/>
          <line num="47" count="8" type="stmt"/>
          <line num="48" count="8" type="stmt"/>
          <line num="53" count="701" type="stmt"/>
          <line num="54" count="701" type="stmt"/>
          <line num="55" count="701" type="stmt"/>
          <line num="58" count="701" type="cond" truecount="2" falsecount="0"/>
          <line num="60" count="1574" type="stmt"/>
          <line num="61" count="1574" type="stmt"/>
          <line num="62" count="1574" type="stmt"/>
          <line num="63" count="1574" type="stmt"/>
          <line num="64" count="1574" type="stmt"/>
          <line num="68" count="701" type="stmt"/>
          <line num="72" count="301" type="cond" truecount="2" falsecount="0"/>
          <line num="73" count="1" type="stmt"/>
          <line num="77" count="300" type="stmt"/>
          <line num="80" count="300" type="stmt"/>
          <line num="82" count="300" type="stmt"/>
          <line num="86" count="501" type="stmt"/>
          <line num="90" count="2" type="stmt"/>
          <line num="94" count="205" type="stmt"/>
          <line num="99" count="4" type="stmt"/>
          <line num="100" count="4" type="stmt"/>
          <line num="101" count="4" type="stmt"/>
        </file>
      </package>
      <package name="DataStructures.src.stack">
        <metrics statements="17" coveredstatements="17" conditionals="4" coveredconditionals="4" methods="8" coveredmethods="8"/>
        <file name="Stack.js" path="C:\Users\sabri\Documents\Projects\Santi\DataStructures\src\stack\Stack.js">
          <metrics statements="17" coveredstatements="17" conditionals="4" coveredconditionals="4" methods="8" coveredmethods="8"/>
          <line num="4" count="115" type="stmt"/>
          <line num="5" count="115" type="stmt"/>
          <line num="13" count="8" type="stmt"/>
          <line num="14" count="8" type="stmt"/>
          <line num="21" count="115" type="stmt"/>
          <line num="22" count="115" type="stmt"/>
          <line num="29" count="61" type="cond" truecount="2" falsecount="0"/>
          <line num="30" count="60" type="stmt"/>
          <line num="31" count="60" type="stmt"/>
          <line num="36" count="103" type="cond" truecount="2" falsecount="0"/>
          <line num="37" count="101" type="stmt"/>
          <line num="40" count="2" type="stmt"/>
          <line num="44" count="9" type="stmt"/>
          <line num="48" count="6" type="stmt"/>
          <line num="52" count="1" type="stmt"/>
          <line num="53" count="1" type="stmt"/>
          <line num="58" count="4" type="stmt"/>
        </file>
      </package>
    </metrics>
  </project>
</coverage>
