{"C:\\Users\\sabri\\Documents\\Projects\\Santi\\DataStructures\\index.js": {"path":"C:\\Users\\sabri\\Documents\\Projects\\Santi\\DataStructures\\index.js","statementMap":{"0":{"start":{"line":2,"column":23},"end":{"line":2,"column":60}},"1":{"start":{"line":3,"column":22},"end":{"line":3,"column":58}},"2":{"start":{"line":6,"column":19},"end":{"line":6,"column":51}},"3":{"start":{"line":9,"column":14},"end":{"line":9,"column":42}},"4":{"start":{"line":12,"column":25},"end":{"line":12,"column":63}},"5":{"start":{"line":14,"column":0},"end":{"line":20,"column":1}}},"fnMap":{},"branchMap":{},"s":{"0":5,"1":5,"2":5,"3":5,"4":5,"5":5},"f":{},"b":{},"_coverageSchema":"332fd63041d2c1bcb487cc26dd0d5f7d97098a6c","hash":"6d0154a38649a5309ca4ee8681a04f69f15a278c"}
,"C:\\Users\\sabri\\Documents\\Projects\\Santi\\DataStructures\\src\\list\\LinkedList.js": {"path":"C:\\Users\\sabri\\Documents\\Projects\\Santi\\DataStructures\\src\\list\\LinkedList.js","statementMap":{"0":{"start":{"line":4,"column":2},"end":{"line":4,"column":21}},"1":{"start":{"line":5,"column":2},"end":{"line":5,"column":19}},"2":{"start":{"line":13,"column":2},"end":{"line":13,"column":19}},"3":{"start":{"line":14,"column":2},"end":{"line":14,"column":17}},"4":{"start":{"line":21,"column":2},"end":{"line":21,"column":15}},"5":{"start":{"line":22,"column":2},"end":{"line":22,"column":43}},"6":{"start":{"line":29,"column":2},"end":{"line":32,"column":3}},"7":{"start":{"line":30,"column":3},"end":{"line":30,"column":16}},"8":{"start":{"line":31,"column":3},"end":{"line":31,"column":30}},"9":{"start":{"line":41,"column":2},"end":{"line":41,"column":15}},"10":{"start":{"line":43,"column":2},"end":{"line":46,"column":3}},"11":{"start":{"line":44,"column":3},"end":{"line":44,"column":33}},"12":{"start":{"line":45,"column":3},"end":{"line":45,"column":10}},"13":{"start":{"line":48,"column":16},"end":{"line":48,"column":25}},"14":{"start":{"line":50,"column":2},"end":{"line":52,"column":3}},"15":{"start":{"line":51,"column":3},"end":{"line":51,"column":26}},"16":{"start":{"line":54,"column":2},"end":{"line":54,"column":49}},"17":{"start":{"line":58,"column":2},"end":{"line":58,"column":15}},"18":{"start":{"line":60,"column":2},"end":{"line":63,"column":3}},"19":{"start":{"line":61,"column":3},"end":{"line":61,"column":30}},"20":{"start":{"line":62,"column":3},"end":{"line":62,"column":10}},"21":{"start":{"line":65,"column":16},"end":{"line":65,"column":25}},"22":{"start":{"line":66,"column":2},"end":{"line":68,"column":3}},"23":{"start":{"line":67,"column":3},"end":{"line":67,"column":26}},"24":{"start":{"line":70,"column":2},"end":{"line":72,"column":3}},"25":{"start":{"line":71,"column":3},"end":{"line":71,"column":36}},"26":{"start":{"line":76,"column":2},"end":{"line":76,"column":19}},"27":{"start":{"line":80,"column":16},"end":{"line":80,"column":25}},"28":{"start":{"line":81,"column":2},"end":{"line":83,"column":3}},"29":{"start":{"line":82,"column":3},"end":{"line":82,"column":26}},"30":{"start":{"line":85,"column":2},"end":{"line":87,"column":3}},"31":{"start":{"line":86,"column":3},"end":{"line":86,"column":27}},"32":{"start":{"line":91,"column":16},"end":{"line":91,"column":25}},"33":{"start":{"line":93,"column":2},"end":{"line":96,"column":3}},"34":{"start":{"line":94,"column":3},"end":{"line":94,"column":26}},"35":{"start":{"line":95,"column":3},"end":{"line":95,"column":11}},"36":{"start":{"line":98,"column":2},"end":{"line":100,"column":3}},"37":{"start":{"line":99,"column":3},"end":{"line":99,"column":18}},"38":{"start":{"line":102,"column":2},"end":{"line":102,"column":14}},"39":{"start":{"line":106,"column":2},"end":{"line":106,"column":20}},"40":{"start":{"line":110,"column":2},"end":{"line":110,"column":25}},"41":{"start":{"line":114,"column":16},"end":{"line":114,"column":25}},"42":{"start":{"line":116,"column":2},"end":{"line":122,"column":3}},"43":{"start":{"line":117,"column":3},"end":{"line":119,"column":4}},"44":{"start":{"line":118,"column":4},"end":{"line":118,"column":16}},"45":{"start":{"line":121,"column":3},"end":{"line":121,"column":26}},"46":{"start":{"line":124,"column":2},"end":{"line":124,"column":15}},"47":{"start":{"line":128,"column":16},"end":{"line":128,"column":25}},"48":{"start":{"line":130,"column":2},"end":{"line":136,"column":3}},"49":{"start":{"line":131,"column":3},"end":{"line":133,"column":4}},"50":{"start":{"line":132,"column":4},"end":{"line":132,"column":19}},"51":{"start":{"line":135,"column":3},"end":{"line":135,"column":26}},"52":{"start":{"line":138,"column":2},"end":{"line":138,"column":14}},"53":{"start":{"line":142,"column":2},"end":{"line":142,"column":17}},"54":{"start":{"line":143,"column":2},"end":{"line":143,"column":19}},"55":{"start":{"line":144,"column":2},"end":{"line":144,"column":19}},"56":{"start":{"line":149,"column":0},"end":{"line":149,"column":28}}},"fnMap":{"0":{"name":"(anonymous_0)","decl":{"start":{"line":3,"column":1},"end":{"line":3,"column":2}},"loc":{"start":{"line":3,"column":27},"end":{"line":6,"column":2}},"line":3},"1":{"name":"(anonymous_1)","decl":{"start":{"line":12,"column":1},"end":{"line":12,"column":2}},"loc":{"start":{"line":12,"column":16},"end":{"line":15,"column":2}},"line":12},"2":{"name":"(anonymous_2)","decl":{"start":{"line":20,"column":1},"end":{"line":20,"column":2}},"loc":{"start":{"line":20,"column":16},"end":{"line":23,"column":2}},"line":20},"3":{"name":"(anonymous_3)","decl":{"start":{"line":28,"column":1},"end":{"line":28,"column":2}},"loc":{"start":{"line":28,"column":8},"end":{"line":33,"column":2}},"line":28},"4":{"name":"(anonymous_4)","decl":{"start":{"line":40,"column":1},"end":{"line":40,"column":2}},"loc":{"start":{"line":40,"column":27},"end":{"line":55,"column":2}},"line":40},"5":{"name":"(anonymous_5)","decl":{"start":{"line":57,"column":1},"end":{"line":57,"column":2}},"loc":{"start":{"line":57,"column":18},"end":{"line":73,"column":2}},"line":57},"6":{"name":"(anonymous_6)","decl":{"start":{"line":75,"column":1},"end":{"line":75,"column":2}},"loc":{"start":{"line":75,"column":9},"end":{"line":77,"column":2}},"line":75},"7":{"name":"(anonymous_7)","decl":{"start":{"line":79,"column":1},"end":{"line":79,"column":2}},"loc":{"start":{"line":79,"column":24},"end":{"line":88,"column":2}},"line":79},"8":{"name":"(anonymous_8)","decl":{"start":{"line":90,"column":1},"end":{"line":90,"column":2}},"loc":{"start":{"line":90,"column":15},"end":{"line":103,"column":2}},"line":90},"9":{"name":"(anonymous_9)","decl":{"start":{"line":105,"column":1},"end":{"line":105,"column":2}},"loc":{"start":{"line":105,"column":9},"end":{"line":107,"column":2}},"line":105},"10":{"name":"(anonymous_10)","decl":{"start":{"line":109,"column":1},"end":{"line":109,"column":2}},"loc":{"start":{"line":109,"column":10},"end":{"line":111,"column":2}},"line":109},"11":{"name":"(anonymous_11)","decl":{"start":{"line":113,"column":1},"end":{"line":113,"column":2}},"loc":{"start":{"line":113,"column":20},"end":{"line":125,"column":2}},"line":113},"12":{"name":"(anonymous_12)","decl":{"start":{"line":127,"column":1},"end":{"line":127,"column":2}},"loc":{"start":{"line":127,"column":16},"end":{"line":139,"column":2}},"line":127},"13":{"name":"(anonymous_13)","decl":{"start":{"line":141,"column":1},"end":{"line":141,"column":2}},"loc":{"start":{"line":141,"column":10},"end":{"line":145,"column":2}},"line":141}},"branchMap":{"0":{"loc":{"start":{"line":29,"column":2},"end":{"line":32,"column":3}},"type":"if","locations":[{"start":{"line":29,"column":2},"end":{"line":32,"column":3}},{"start":{"line":29,"column":2},"end":{"line":32,"column":3}}],"line":29},"1":{"loc":{"start":{"line":43,"column":2},"end":{"line":46,"column":3}},"type":"if","locations":[{"start":{"line":43,"column":2},"end":{"line":46,"column":3}},{"start":{"line":43,"column":2},"end":{"line":46,"column":3}}],"line":43},"2":{"loc":{"start":{"line":50,"column":9},"end":{"line":50,"column":32}},"type":"binary-expr","locations":[{"start":{"line":50,"column":9},"end":{"line":50,"column":16}},{"start":{"line":50,"column":20},"end":{"line":50,"column":32}}],"line":50},"3":{"loc":{"start":{"line":60,"column":2},"end":{"line":63,"column":3}},"type":"if","locations":[{"start":{"line":60,"column":2},"end":{"line":63,"column":3}},{"start":{"line":60,"column":2},"end":{"line":63,"column":3}}],"line":60},"4":{"loc":{"start":{"line":66,"column":9},"end":{"line":66,"column":32}},"type":"binary-expr","locations":[{"start":{"line":66,"column":9},"end":{"line":66,"column":16}},{"start":{"line":66,"column":20},"end":{"line":66,"column":32}}],"line":66},"5":{"loc":{"start":{"line":70,"column":2},"end":{"line":72,"column":3}},"type":"if","locations":[{"start":{"line":70,"column":2},"end":{"line":72,"column":3}},{"start":{"line":70,"column":2},"end":{"line":72,"column":3}}],"line":70},"6":{"loc":{"start":{"line":70,"column":6},"end":{"line":70,"column":40}},"type":"binary-expr","locations":[{"start":{"line":70,"column":6},"end":{"line":70,"column":16}},{"start":{"line":70,"column":20},"end":{"line":70,"column":40}}],"line":70},"7":{"loc":{"start":{"line":81,"column":9},"end":{"line":81,"column":27}},"type":"binary-expr","locations":[{"start":{"line":81,"column":9},"end":{"line":81,"column":16}},{"start":{"line":81,"column":20},"end":{"line":81,"column":27}}],"line":81},"8":{"loc":{"start":{"line":85,"column":2},"end":{"line":87,"column":3}},"type":"if","locations":[{"start":{"line":85,"column":2},"end":{"line":87,"column":3}},{"start":{"line":85,"column":2},"end":{"line":87,"column":3}}],"line":85},"9":{"loc":{"start":{"line":93,"column":9},"end":{"line":93,"column":25}},"type":"binary-expr","locations":[{"start":{"line":93,"column":9},"end":{"line":93,"column":14}},{"start":{"line":93,"column":18},"end":{"line":93,"column":25}}],"line":93},"10":{"loc":{"start":{"line":98,"column":2},"end":{"line":100,"column":3}},"type":"if","locations":[{"start":{"line":98,"column":2},"end":{"line":100,"column":3}},{"start":{"line":98,"column":2},"end":{"line":100,"column":3}}],"line":98},"11":{"loc":{"start":{"line":117,"column":3},"end":{"line":119,"column":4}},"type":"if","locations":[{"start":{"line":117,"column":3},"end":{"line":119,"column":4}},{"start":{"line":117,"column":3},"end":{"line":119,"column":4}}],"line":117},"12":{"loc":{"start":{"line":131,"column":3},"end":{"line":133,"column":4}},"type":"if","locations":[{"start":{"line":131,"column":3},"end":{"line":133,"column":4}},{"start":{"line":131,"column":3},"end":{"line":133,"column":4}}],"line":131}},"s":{"0":291,"1":291,"2":22,"3":22,"4":287,"5":287,"6":61,"7":60,"8":60,"9":4,"10":4,"11":1,"12":1,"13":3,"14":3,"15":77,"16":3,"17":4,"18":4,"19":1,"20":1,"21":3,"22":3,"23":17,"24":3,"25":2,"26":160,"27":7,"28":7,"29":17,"30":7,"31":6,"32":5,"33":5,"34":12,"35":12,"36":5,"37":4,"38":1,"39":9,"40":6,"41":2,"42":2,"43":8,"44":1,"45":7,"46":1,"47":2,"48":2,"49":8,"50":1,"51":7,"52":1,"53":1,"54":1,"55":1,"56":5},"f":{"0":291,"1":22,"2":287,"3":61,"4":4,"5":4,"6":160,"7":7,"8":5,"9":9,"10":6,"11":2,"12":2,"13":1},"b":{"0":[60,1],"1":[1,3],"2":[80,78],"3":[1,3],"4":[20,18],"5":[2,1],"6":[3,2],"7":[24,18],"8":[6,1],"9":[17,13],"10":[4,1],"11":[1,7],"12":[1,7]},"_coverageSchema":"332fd63041d2c1bcb487cc26dd0d5f7d97098a6c","hash":"f3c5e50a7f3f611e2de2a41553f6bc7ddb296c05"}
,"C:\\Users\\sabri\\Documents\\Projects\\Santi\\DataStructures\\src\\queue\\CircularBuffer.js": {"path":"C:\\Users\\sabri\\Documents\\Projects\\Santi\\DataStructures\\src\\queue\\CircularBuffer.js","statementMap":{"0":{"start":{"line":4,"column":2},"end":{"line":4,"column":16}},"1":{"start":{"line":5,"column":2},"end":{"line":5,"column":18}},"2":{"start":{"line":6,"column":2},"end":{"line":6,"column":23}},"3":{"start":{"line":7,"column":2},"end":{"line":7,"column":44}},"4":{"start":{"line":11,"column":2},"end":{"line":13,"column":3}},"5":{"start":{"line":12,"column":3},"end":{"line":12,"column":71}},"6":{"start":{"line":17,"column":2},"end":{"line":21,"column":3}},"7":{"start":{"line":18,"column":3},"end":{"line":18,"column":17}},"8":{"start":{"line":19,"column":3},"end":{"line":19,"column":15}},"9":{"start":{"line":20,"column":3},"end":{"line":20,"column":30}},"10":{"start":{"line":25,"column":2},"end":{"line":25,"column":35}},"11":{"start":{"line":29,"column":2},"end":{"line":29,"column":38}},"12":{"start":{"line":33,"column":2},"end":{"line":33,"column":26}},"13":{"start":{"line":37,"column":2},"end":{"line":37,"column":21}},"14":{"start":{"line":42,"column":0},"end":{"line":42,"column":32}}},"fnMap":{"0":{"name":"(anonymous_0)","decl":{"start":{"line":3,"column":1},"end":{"line":3,"column":2}},"loc":{"start":{"line":3,"column":27},"end":{"line":8,"column":2}},"line":3},"1":{"name":"(anonymous_1)","decl":{"start":{"line":10,"column":1},"end":{"line":10,"column":2}},"loc":{"start":{"line":10,"column":14},"end":{"line":14,"column":2}},"line":10},"2":{"name":"(anonymous_2)","decl":{"start":{"line":16,"column":1},"end":{"line":16,"column":2}},"loc":{"start":{"line":16,"column":12},"end":{"line":22,"column":2}},"line":16},"3":{"name":"(anonymous_3)","decl":{"start":{"line":24,"column":1},"end":{"line":24,"column":2}},"loc":{"start":{"line":24,"column":9},"end":{"line":26,"column":2}},"line":24},"4":{"name":"(anonymous_4)","decl":{"start":{"line":28,"column":1},"end":{"line":28,"column":2}},"loc":{"start":{"line":28,"column":9},"end":{"line":30,"column":2}},"line":28},"5":{"name":"(anonymous_5)","decl":{"start":{"line":32,"column":1},"end":{"line":32,"column":2}},"loc":{"start":{"line":32,"column":10},"end":{"line":34,"column":2}},"line":32},"6":{"name":"(anonymous_6)","decl":{"start":{"line":36,"column":1},"end":{"line":36,"column":2}},"loc":{"start":{"line":36,"column":9},"end":{"line":38,"column":2}},"line":36}},"branchMap":{"0":{"loc":{"start":{"line":3,"column":14},"end":{"line":3,"column":25}},"type":"default-arg","locations":[{"start":{"line":3,"column":21},"end":{"line":3,"column":25}}],"line":3},"1":{"loc":{"start":{"line":11,"column":2},"end":{"line":13,"column":3}},"type":"if","locations":[{"start":{"line":11,"column":2},"end":{"line":13,"column":3}},{"start":{"line":11,"column":2},"end":{"line":13,"column":3}}],"line":11},"2":{"loc":{"start":{"line":17,"column":2},"end":{"line":21,"column":3}},"type":"if","locations":[{"start":{"line":17,"column":2},"end":{"line":21,"column":3}},{"start":{"line":17,"column":2},"end":{"line":21,"column":3}}],"line":17}},"s":{"0":9,"1":9,"2":9,"3":9,"4":2233,"5":1243,"6":133,"7":132,"8":132,"9":132,"10":22,"11":2233,"12":168,"13":5,"14":5},"f":{"0":9,"1":2233,"2":133,"3":22,"4":2233,"5":168,"6":5},"b":{"0":[5],"1":[1243,990],"2":[132,1]},"_coverageSchema":"332fd63041d2c1bcb487cc26dd0d5f7d97098a6c","hash":"46290ed9491145adf9af9eae380f83fcea080484"}
,"C:\\Users\\sabri\\Documents\\Projects\\Santi\\DataStructures\\src\\queue\\PriorityQueue.js": {"path":"C:\\Users\\sabri\\Documents\\Projects\\Santi\\DataStructures\\src\\queue\\PriorityQueue.js","statementMap":{"0":{"start":{"line":2,"column":12},"end":{"line":2,"column":25}},"1":{"start":{"line":3,"column":13},"end":{"line":3,"column":21}},"2":{"start":{"line":4,"column":14},"end":{"line":4,"column":19}},"3":{"start":{"line":6,"column":1},"end":{"line":8,"column":2}},"4":{"start":{"line":7,"column":2},"end":{"line":7,"column":16}},"5":{"start":{"line":10,"column":1},"end":{"line":12,"column":2}},"6":{"start":{"line":11,"column":2},"end":{"line":11,"column":17}},"7":{"start":{"line":14,"column":1},"end":{"line":19,"column":2}},"8":{"start":{"line":15,"column":13},"end":{"line":15,"column":34}},"9":{"start":{"line":16,"column":2},"end":{"line":16,"column":49}},"10":{"start":{"line":17,"column":2},"end":{"line":17,"column":32}},"11":{"start":{"line":18,"column":2},"end":{"line":18,"column":29}},"12":{"start":{"line":22,"column":16},"end":{"line":25,"column":1}},"13":{"start":{"line":23,"column":11},"end":{"line":23,"column":16}},"14":{"start":{"line":24,"column":11},"end":{"line":24,"column":16}},"15":{"start":{"line":31,"column":2},"end":{"line":45,"column":3}},"16":{"start":{"line":34,"column":4},"end":{"line":34,"column":38}},"17":{"start":{"line":35,"column":5},"end":{"line":35,"column":11}},"18":{"start":{"line":38,"column":4},"end":{"line":38,"column":30}},"19":{"start":{"line":39,"column":5},"end":{"line":39,"column":11}},"20":{"start":{"line":42,"column":4},"end":{"line":42,"column":30}},"21":{"start":{"line":47,"column":2},"end":{"line":47,"column":35}},"22":{"start":{"line":48,"column":2},"end":{"line":48,"column":17}},"23":{"start":{"line":53,"column":10},"end":{"line":53,"column":20}},"24":{"start":{"line":54,"column":2},"end":{"line":54,"column":28}},"25":{"start":{"line":55,"column":15},"end":{"line":55,"column":32}},"26":{"start":{"line":58,"column":2},"end":{"line":65,"column":3}},"27":{"start":{"line":60,"column":14},"end":{"line":60,"column":36}},"28":{"start":{"line":61,"column":3},"end":{"line":61,"column":46}},"29":{"start":{"line":62,"column":3},"end":{"line":62,"column":28}},"30":{"start":{"line":63,"column":3},"end":{"line":63,"column":14}},"31":{"start":{"line":64,"column":3},"end":{"line":64,"column":30}},"32":{"start":{"line":68,"column":2},"end":{"line":68,"column":15}},"33":{"start":{"line":72,"column":2},"end":{"line":74,"column":3}},"34":{"start":{"line":73,"column":3},"end":{"line":73,"column":10}},"35":{"start":{"line":77,"column":2},"end":{"line":77,"column":51}},"36":{"start":{"line":80,"column":2},"end":{"line":80,"column":24}},"37":{"start":{"line":82,"column":2},"end":{"line":82,"column":15}},"38":{"start":{"line":86,"column":2},"end":{"line":86,"column":27}},"39":{"start":{"line":90,"column":2},"end":{"line":90,"column":20}},"40":{"start":{"line":94,"column":2},"end":{"line":94,"column":25}},"41":{"start":{"line":99,"column":0},"end":{"line":99,"column":31}},"42":{"start":{"line":100,"column":0},"end":{"line":100,"column":23}},"43":{"start":{"line":101,"column":0},"end":{"line":101,"column":23}}},"fnMap":{"0":{"name":"heapify","decl":{"start":{"line":1,"column":9},"end":{"line":1,"column":16}},"loc":{"start":{"line":1,"column":25},"end":{"line":20,"column":1}},"line":1},"1":{"name":"(anonymous_1)","decl":{"start":{"line":23,"column":1},"end":{"line":23,"column":2}},"loc":{"start":{"line":23,"column":11},"end":{"line":23,"column":16}},"line":23},"2":{"name":"(anonymous_2)","decl":{"start":{"line":24,"column":1},"end":{"line":24,"column":2}},"loc":{"start":{"line":24,"column":11},"end":{"line":24,"column":16}},"line":24},"3":{"name":"(anonymous_3)","decl":{"start":{"line":29,"column":1},"end":{"line":29,"column":2}},"loc":{"start":{"line":29,"column":26},"end":{"line":49,"column":2}},"line":29},"4":{"name":"(anonymous_4)","decl":{"start":{"line":51,"column":1},"end":{"line":51,"column":2}},"loc":{"start":{"line":51,"column":14},"end":{"line":69,"column":2}},"line":51},"5":{"name":"(anonymous_5)","decl":{"start":{"line":71,"column":1},"end":{"line":71,"column":2}},"loc":{"start":{"line":71,"column":8},"end":{"line":83,"column":2}},"line":71},"6":{"name":"(anonymous_6)","decl":{"start":{"line":85,"column":1},"end":{"line":85,"column":2}},"loc":{"start":{"line":85,"column":9},"end":{"line":87,"column":2}},"line":85},"7":{"name":"(anonymous_7)","decl":{"start":{"line":89,"column":1},"end":{"line":89,"column":2}},"loc":{"start":{"line":89,"column":9},"end":{"line":91,"column":2}},"line":89},"8":{"name":"(anonymous_8)","decl":{"start":{"line":93,"column":1},"end":{"line":93,"column":2}},"loc":{"start":{"line":93,"column":10},"end":{"line":95,"column":2}},"line":93}},"branchMap":{"0":{"loc":{"start":{"line":6,"column":1},"end":{"line":8,"column":2}},"type":"if","locations":[{"start":{"line":6,"column":1},"end":{"line":8,"column":2}},{"start":{"line":6,"column":1},"end":{"line":8,"column":2}}],"line":6},"1":{"loc":{"start":{"line":6,"column":5},"end":{"line":6,"column":84}},"type":"binary-expr","locations":[{"start":{"line":6,"column":5},"end":{"line":6,"column":22}},{"start":{"line":6,"column":26},"end":{"line":6,"column":84}}],"line":6},"2":{"loc":{"start":{"line":10,"column":1},"end":{"line":12,"column":2}},"type":"if","locations":[{"start":{"line":10,"column":1},"end":{"line":12,"column":2}},{"start":{"line":10,"column":1},"end":{"line":12,"column":2}}],"line":10},"3":{"loc":{"start":{"line":10,"column":5},"end":{"line":10,"column":86}},"type":"binary-expr","locations":[{"start":{"line":10,"column":5},"end":{"line":10,"column":23}},{"start":{"line":10,"column":27},"end":{"line":10,"column":86}}],"line":10},"4":{"loc":{"start":{"line":14,"column":1},"end":{"line":19,"column":2}},"type":"if","locations":[{"start":{"line":14,"column":1},"end":{"line":19,"column":2}},{"start":{"line":14,"column":1},"end":{"line":19,"column":2}}],"line":14},"5":{"loc":{"start":{"line":31,"column":2},"end":{"line":45,"column":3}},"type":"switch","locations":[{"start":{"line":33,"column":3},"end":{"line":35,"column":11}},{"start":{"line":37,"column":3},"end":{"line":39,"column":11}},{"start":{"line":41,"column":3},"end":{"line":43,"column":4}}],"line":31},"6":{"loc":{"start":{"line":58,"column":9},"end":{"line":58,"column":74}},"type":"binary-expr","locations":[{"start":{"line":58,"column":9},"end":{"line":58,"column":15}},{"start":{"line":58,"column":19},"end":{"line":58,"column":74}}],"line":58},"7":{"loc":{"start":{"line":72,"column":2},"end":{"line":74,"column":3}},"type":"if","locations":[{"start":{"line":72,"column":2},"end":{"line":74,"column":3}},{"start":{"line":72,"column":2},"end":{"line":74,"column":3}}],"line":72}},"s":{"0":1126,"1":1126,"2":1126,"3":1126,"4":771,"5":1126,"6":364,"7":1126,"8":826,"9":826,"10":826,"11":826,"12":5,"13":2601,"14":480,"15":8,"16":1,"17":1,"18":1,"19":1,"20":6,"21":8,"22":8,"23":701,"24":701,"25":701,"26":701,"27":1547,"28":1547,"29":1547,"30":1547,"31":1547,"32":701,"33":301,"34":1,"35":300,"36":300,"37":300,"38":501,"39":2,"40":205,"41":5,"42":5,"43":5},"f":{"0":1126,"1":2601,"2":480,"3":8,"4":701,"5":301,"6":501,"7":2,"8":205},"b":{"0":[771,355],"1":[1126,869],"2":[364,762],"3":[1126,853],"4":[826,300],"5":[1,1,6],"6":[2248,1839],"7":[1,300]},"_coverageSchema":"332fd63041d2c1bcb487cc26dd0d5f7d97098a6c","hash":"17702b68f711a5d25df55eb120c92b4e4a548458"}
,"C:\\Users\\sabri\\Documents\\Projects\\Santi\\DataStructures\\src\\stack\\Stack.js": {"path":"C:\\Users\\sabri\\Documents\\Projects\\Santi\\DataStructures\\src\\stack\\Stack.js","statementMap":{"0":{"start":{"line":4,"column":2},"end":{"line":4,"column":21}},"1":{"start":{"line":5,"column":2},"end":{"line":5,"column":19}},"2":{"start":{"line":13,"column":2},"end":{"line":13,"column":19}},"3":{"start":{"line":14,"column":2},"end":{"line":14,"column":17}},"4":{"start":{"line":21,"column":2},"end":{"line":21,"column":15}},"5":{"start":{"line":22,"column":2},"end":{"line":22,"column":43}},"6":{"start":{"line":29,"column":2},"end":{"line":32,"column":3}},"7":{"start":{"line":30,"column":3},"end":{"line":30,"column":16}},"8":{"start":{"line":31,"column":3},"end":{"line":31,"column":30}},"9":{"start":{"line":36,"column":2},"end":{"line":38,"column":3}},"10":{"start":{"line":37,"column":3},"end":{"line":37,"column":26}},"11":{"start":{"line":40,"column":2},"end":{"line":40,"column":14}},"12":{"start":{"line":44,"column":2},"end":{"line":44,"column":20}},"13":{"start":{"line":48,"column":2},"end":{"line":48,"column":25}},"14":{"start":{"line":52,"column":2},"end":{"line":52,"column":17}},"15":{"start":{"line":53,"column":2},"end":{"line":53,"column":19}},"16":{"start":{"line":58,"column":0},"end":{"line":58,"column":23}}},"fnMap":{"0":{"name":"(anonymous_0)","decl":{"start":{"line":3,"column":1},"end":{"line":3,"column":2}},"loc":{"start":{"line":3,"column":27},"end":{"line":6,"column":2}},"line":3},"1":{"name":"(anonymous_1)","decl":{"start":{"line":12,"column":1},"end":{"line":12,"column":2}},"loc":{"start":{"line":12,"column":16},"end":{"line":15,"column":2}},"line":12},"2":{"name":"(anonymous_2)","decl":{"start":{"line":20,"column":1},"end":{"line":20,"column":2}},"loc":{"start":{"line":20,"column":16},"end":{"line":23,"column":2}},"line":20},"3":{"name":"(anonymous_3)","decl":{"start":{"line":28,"column":1},"end":{"line":28,"column":2}},"loc":{"start":{"line":28,"column":8},"end":{"line":33,"column":2}},"line":28},"4":{"name":"(anonymous_4)","decl":{"start":{"line":35,"column":1},"end":{"line":35,"column":2}},"loc":{"start":{"line":35,"column":9},"end":{"line":41,"column":2}},"line":35},"5":{"name":"(anonymous_5)","decl":{"start":{"line":43,"column":1},"end":{"line":43,"column":2}},"loc":{"start":{"line":43,"column":9},"end":{"line":45,"column":2}},"line":43},"6":{"name":"(anonymous_6)","decl":{"start":{"line":47,"column":1},"end":{"line":47,"column":2}},"loc":{"start":{"line":47,"column":10},"end":{"line":49,"column":2}},"line":47},"7":{"name":"(anonymous_7)","decl":{"start":{"line":51,"column":1},"end":{"line":51,"column":2}},"loc":{"start":{"line":51,"column":10},"end":{"line":54,"column":2}},"line":51}},"branchMap":{"0":{"loc":{"start":{"line":29,"column":2},"end":{"line":32,"column":3}},"type":"if","locations":[{"start":{"line":29,"column":2},"end":{"line":32,"column":3}},{"start":{"line":29,"column":2},"end":{"line":32,"column":3}}],"line":29},"1":{"loc":{"start":{"line":36,"column":2},"end":{"line":38,"column":3}},"type":"if","locations":[{"start":{"line":36,"column":2},"end":{"line":38,"column":3}},{"start":{"line":36,"column":2},"end":{"line":38,"column":3}}],"line":36}},"s":{"0":115,"1":115,"2":8,"3":8,"4":115,"5":115,"6":61,"7":60,"8":60,"9":103,"10":101,"11":2,"12":9,"13":6,"14":1,"15":1,"16":5},"f":{"0":115,"1":8,"2":115,"3":61,"4":103,"5":9,"6":6,"7":1},"b":{"0":[60,1],"1":[101,2]},"_coverageSchema":"332fd63041d2c1bcb487cc26dd0d5f7d97098a6c","hash":"f9569a187ed2bb7d448e5a4a8e4b391d1a3c6c19"}
,"C:\\Users\\sabri\\Documents\\Projects\\Santi\\DataStructures\\src\\tree\\BinarySearchTree.js": {"path":"C:\\Users\\sabri\\Documents\\Projects\\Santi\\DataStructures\\src\\tree\\BinarySearchTree.js","statementMap":{"0":{"start":{"line":1,"column":23},"end":{"line":1,"column":57}},"1":{"start":{"line":6,"column":2},"end":{"line":6,"column":21}},"2":{"start":{"line":7,"column":2},"end":{"line":7,"column":19}},"3":{"start":{"line":8,"column":2},"end":{"line":8,"column":21}},"4":{"start":{"line":13,"column":15},"end":{"line":25,"column":1}},"5":{"start":{"line":14,"column":1},"end":{"line":16,"column":2}},"6":{"start":{"line":15,"column":2},"end":{"line":15,"column":27}},"7":{"start":{"line":18,"column":1},"end":{"line":22,"column":2}},"8":{"start":{"line":19,"column":2},"end":{"line":19,"column":41}},"9":{"start":{"line":21,"column":2},"end":{"line":21,"column":43}},"10":{"start":{"line":24,"column":1},"end":{"line":24,"column":13}},"11":{"start":{"line":27,"column":13},"end":{"line":39,"column":1}},"12":{"start":{"line":28,"column":1},"end":{"line":30,"column":2}},"13":{"start":{"line":29,"column":2},"end":{"line":29,"column":14}},"14":{"start":{"line":32,"column":1},"end":{"line":38,"column":2}},"15":{"start":{"line":33,"column":2},"end":{"line":33,"column":32}},"16":{"start":{"line":34,"column":8},"end":{"line":38,"column":2}},"17":{"start":{"line":35,"column":2},"end":{"line":35,"column":33}},"18":{"start":{"line":37,"column":2},"end":{"line":37,"column":14}},"19":{"start":{"line":41,"column":16},"end":{"line":49,"column":1}},"20":{"start":{"line":42,"column":15},"end":{"line":42,"column":19}},"21":{"start":{"line":44,"column":1},"end":{"line":46,"column":2}},"22":{"start":{"line":45,"column":2},"end":{"line":45,"column":25}},"23":{"start":{"line":48,"column":1},"end":{"line":48,"column":16}},"24":{"start":{"line":51,"column":16},"end":{"line":59,"column":1}},"25":{"start":{"line":52,"column":15},"end":{"line":52,"column":19}},"26":{"start":{"line":54,"column":1},"end":{"line":56,"column":2}},"27":{"start":{"line":55,"column":2},"end":{"line":55,"column":26}},"28":{"start":{"line":58,"column":1},"end":{"line":58,"column":16}},"29":{"start":{"line":61,"column":15},"end":{"line":90,"column":1}},"30":{"start":{"line":62,"column":1},"end":{"line":64,"column":2}},"31":{"start":{"line":63,"column":2},"end":{"line":63,"column":14}},"32":{"start":{"line":66,"column":1},"end":{"line":87,"column":2}},"33":{"start":{"line":67,"column":2},"end":{"line":67,"column":46}},"34":{"start":{"line":68,"column":8},"end":{"line":87,"column":2}},"35":{"start":{"line":69,"column":2},"end":{"line":69,"column":48}},"36":{"start":{"line":72,"column":2},"end":{"line":74,"column":3}},"37":{"start":{"line":73,"column":3},"end":{"line":73,"column":17}},"38":{"start":{"line":76,"column":2},"end":{"line":80,"column":3}},"39":{"start":{"line":77,"column":3},"end":{"line":77,"column":21}},"40":{"start":{"line":78,"column":9},"end":{"line":80,"column":3}},"41":{"start":{"line":79,"column":3},"end":{"line":79,"column":20}},"42":{"start":{"line":83,"column":2},"end":{"line":83,"column":41}},"43":{"start":{"line":86,"column":2},"end":{"line":86,"column":46}},"44":{"start":{"line":89,"column":1},"end":{"line":89,"column":13}},"45":{"start":{"line":92,"column":18},"end":{"line":150,"column":1}},"46":{"start":{"line":95,"column":2},"end":{"line":97,"column":3}},"47":{"start":{"line":96,"column":3},"end":{"line":96,"column":10}},"48":{"start":{"line":99,"column":2},"end":{"line":99,"column":13}},"49":{"start":{"line":100,"column":2},"end":{"line":100,"column":29}},"50":{"start":{"line":101,"column":2},"end":{"line":101,"column":30}},"51":{"start":{"line":105,"column":2},"end":{"line":107,"column":3}},"52":{"start":{"line":106,"column":3},"end":{"line":106,"column":10}},"53":{"start":{"line":109,"column":2},"end":{"line":109,"column":28}},"54":{"start":{"line":110,"column":2},"end":{"line":110,"column":13}},"55":{"start":{"line":111,"column":2},"end":{"line":111,"column":29}},"56":{"start":{"line":115,"column":2},"end":{"line":117,"column":3}},"57":{"start":{"line":116,"column":3},"end":{"line":116,"column":10}},"58":{"start":{"line":119,"column":2},"end":{"line":119,"column":30}},"59":{"start":{"line":120,"column":2},"end":{"line":120,"column":31}},"60":{"start":{"line":121,"column":2},"end":{"line":121,"column":13}},"61":{"start":{"line":125,"column":2},"end":{"line":127,"column":3}},"62":{"start":{"line":126,"column":3},"end":{"line":126,"column":10}},"63":{"start":{"line":129,"column":15},"end":{"line":129,"column":35}},"64":{"start":{"line":132,"column":2},"end":{"line":132,"column":20}},"65":{"start":{"line":134,"column":2},"end":{"line":147,"column":3}},"66":{"start":{"line":135,"column":17},"end":{"line":135,"column":30}},"67":{"start":{"line":136,"column":3},"end":{"line":136,"column":16}},"68":{"start":{"line":138,"column":3},"end":{"line":138,"column":17}},"69":{"start":{"line":140,"column":3},"end":{"line":142,"column":4}},"70":{"start":{"line":141,"column":4},"end":{"line":141,"column":30}},"71":{"start":{"line":144,"column":3},"end":{"line":146,"column":4}},"72":{"start":{"line":145,"column":4},"end":{"line":145,"column":31}},"73":{"start":{"line":155,"column":2},"end":{"line":155,"column":19}},"74":{"start":{"line":156,"column":2},"end":{"line":156,"column":17}},"75":{"start":{"line":160,"column":2},"end":{"line":160,"column":26}},"76":{"start":{"line":164,"column":2},"end":{"line":164,"column":15}},"77":{"start":{"line":165,"column":2},"end":{"line":165,"column":41}},"78":{"start":{"line":169,"column":2},"end":{"line":169,"column":49}},"79":{"start":{"line":173,"column":2},"end":{"line":173,"column":34}},"80":{"start":{"line":177,"column":2},"end":{"line":179,"column":3}},"81":{"start":{"line":178,"column":3},"end":{"line":178,"column":29}},"82":{"start":{"line":181,"column":2},"end":{"line":181,"column":14}},"83":{"start":{"line":185,"column":2},"end":{"line":187,"column":3}},"84":{"start":{"line":186,"column":3},"end":{"line":186,"column":29}},"85":{"start":{"line":189,"column":2},"end":{"line":189,"column":14}},"86":{"start":{"line":193,"column":2},"end":{"line":193,"column":20}},"87":{"start":{"line":197,"column":2},"end":{"line":197,"column":25}},"88":{"start":{"line":201,"column":14},"end":{"line":203,"column":3}},"89":{"start":{"line":205,"column":2},"end":{"line":205,"column":48}},"90":{"start":{"line":206,"column":2},"end":{"line":206,"column":27}},"91":{"start":{"line":210,"column":2},"end":{"line":210,"column":17}},"92":{"start":{"line":211,"column":2},"end":{"line":211,"column":19}},"93":{"start":{"line":215,"column":2},"end":{"line":215,"column":29}},"94":{"start":{"line":219,"column":2},"end":{"line":219,"column":52}},"95":{"start":{"line":224,"column":0},"end":{"line":224,"column":34}},"96":{"start":{"line":225,"column":0},"end":{"line":225,"column":28}},"97":{"start":{"line":226,"column":0},"end":{"line":226,"column":27}},"98":{"start":{"line":227,"column":0},"end":{"line":227,"column":29}},"99":{"start":{"line":228,"column":0},"end":{"line":228,"column":30}}},"fnMap":{"0":{"name":"(anonymous_0)","decl":{"start":{"line":5,"column":1},"end":{"line":5,"column":2}},"loc":{"start":{"line":5,"column":34},"end":{"line":9,"column":2}},"line":5},"1":{"name":"(anonymous_1)","decl":{"start":{"line":13,"column":15},"end":{"line":13,"column":16}},"loc":{"start":{"line":13,"column":34},"end":{"line":25,"column":1}},"line":13},"2":{"name":"(anonymous_2)","decl":{"start":{"line":27,"column":13},"end":{"line":27,"column":14}},"loc":{"start":{"line":27,"column":30},"end":{"line":39,"column":1}},"line":27},"3":{"name":"(anonymous_3)","decl":{"start":{"line":41,"column":16},"end":{"line":41,"column":17}},"loc":{"start":{"line":41,"column":33},"end":{"line":49,"column":1}},"line":41},"4":{"name":"(anonymous_4)","decl":{"start":{"line":51,"column":16},"end":{"line":51,"column":17}},"loc":{"start":{"line":51,"column":26},"end":{"line":59,"column":1}},"line":51},"5":{"name":"(anonymous_5)","decl":{"start":{"line":61,"column":15},"end":{"line":61,"column":16}},"loc":{"start":{"line":61,"column":39},"end":{"line":90,"column":1}},"line":61},"6":{"name":"preorder","decl":{"start":{"line":94,"column":12},"end":{"line":94,"column":20}},"loc":{"start":{"line":94,"column":28},"end":{"line":102,"column":2}},"line":94},"7":{"name":"inorder","decl":{"start":{"line":104,"column":12},"end":{"line":104,"column":19}},"loc":{"start":{"line":104,"column":27},"end":{"line":112,"column":2}},"line":104},"8":{"name":"postorder","decl":{"start":{"line":114,"column":12},"end":{"line":114,"column":21}},"loc":{"start":{"line":114,"column":29},"end":{"line":122,"column":2}},"line":114},"9":{"name":"levelorder","decl":{"start":{"line":124,"column":12},"end":{"line":124,"column":22}},"loc":{"start":{"line":124,"column":30},"end":{"line":148,"column":2}},"line":124},"10":{"name":"(anonymous_10)","decl":{"start":{"line":154,"column":1},"end":{"line":154,"column":2}},"loc":{"start":{"line":154,"column":16},"end":{"line":161,"column":2}},"line":154},"11":{"name":"(anonymous_11)","decl":{"start":{"line":163,"column":1},"end":{"line":163,"column":2}},"loc":{"start":{"line":163,"column":18},"end":{"line":166,"column":2}},"line":163},"12":{"name":"(anonymous_12)","decl":{"start":{"line":168,"column":1},"end":{"line":168,"column":2}},"loc":{"start":{"line":168,"column":20},"end":{"line":170,"column":2}},"line":168},"13":{"name":"(anonymous_13)","decl":{"start":{"line":172,"column":1},"end":{"line":172,"column":2}},"loc":{"start":{"line":172,"column":16},"end":{"line":174,"column":2}},"line":172},"14":{"name":"(anonymous_14)","decl":{"start":{"line":176,"column":1},"end":{"line":176,"column":2}},"loc":{"start":{"line":176,"column":8},"end":{"line":182,"column":2}},"line":176},"15":{"name":"(anonymous_15)","decl":{"start":{"line":184,"column":1},"end":{"line":184,"column":2}},"loc":{"start":{"line":184,"column":8},"end":{"line":190,"column":2}},"line":184},"16":{"name":"(anonymous_16)","decl":{"start":{"line":192,"column":1},"end":{"line":192,"column":2}},"loc":{"start":{"line":192,"column":9},"end":{"line":194,"column":2}},"line":192},"17":{"name":"(anonymous_17)","decl":{"start":{"line":196,"column":1},"end":{"line":196,"column":2}},"loc":{"start":{"line":196,"column":10},"end":{"line":198,"column":2}},"line":196},"18":{"name":"(anonymous_18)","decl":{"start":{"line":200,"column":1},"end":{"line":200,"column":2}},"loc":{"start":{"line":200,"column":18},"end":{"line":207,"column":2}},"line":200},"19":{"name":"(anonymous_19)","decl":{"start":{"line":209,"column":1},"end":{"line":209,"column":2}},"loc":{"start":{"line":209,"column":10},"end":{"line":212,"column":2}},"line":209},"20":{"name":"(anonymous_20)","decl":{"start":{"line":214,"column":1},"end":{"line":214,"column":2}},"loc":{"start":{"line":214,"column":25},"end":{"line":216,"column":2}},"line":214},"21":{"name":"(anonymous_21)","decl":{"start":{"line":218,"column":1},"end":{"line":218,"column":2}},"loc":{"start":{"line":218,"column":23},"end":{"line":220,"column":2}},"line":218}},"branchMap":{"0":{"loc":{"start":{"line":14,"column":1},"end":{"line":16,"column":2}},"type":"if","locations":[{"start":{"line":14,"column":1},"end":{"line":16,"column":2}},{"start":{"line":14,"column":1},"end":{"line":16,"column":2}}],"line":14},"1":{"loc":{"start":{"line":18,"column":1},"end":{"line":22,"column":2}},"type":"if","locations":[{"start":{"line":18,"column":1},"end":{"line":22,"column":2}},{"start":{"line":18,"column":1},"end":{"line":22,"column":2}}],"line":18},"2":{"loc":{"start":{"line":28,"column":1},"end":{"line":30,"column":2}},"type":"if","locations":[{"start":{"line":28,"column":1},"end":{"line":30,"column":2}},{"start":{"line":28,"column":1},"end":{"line":30,"column":2}}],"line":28},"3":{"loc":{"start":{"line":32,"column":1},"end":{"line":38,"column":2}},"type":"if","locations":[{"start":{"line":32,"column":1},"end":{"line":38,"column":2}},{"start":{"line":32,"column":1},"end":{"line":38,"column":2}}],"line":32},"4":{"loc":{"start":{"line":34,"column":8},"end":{"line":38,"column":2}},"type":"if","locations":[{"start":{"line":34,"column":8},"end":{"line":38,"column":2}},{"start":{"line":34,"column":8},"end":{"line":38,"column":2}}],"line":34},"5":{"loc":{"start":{"line":62,"column":1},"end":{"line":64,"column":2}},"type":"if","locations":[{"start":{"line":62,"column":1},"end":{"line":64,"column":2}},{"start":{"line":62,"column":1},"end":{"line":64,"column":2}}],"line":62},"6":{"loc":{"start":{"line":66,"column":1},"end":{"line":87,"column":2}},"type":"if","locations":[{"start":{"line":66,"column":1},"end":{"line":87,"column":2}},{"start":{"line":66,"column":1},"end":{"line":87,"column":2}}],"line":66},"7":{"loc":{"start":{"line":68,"column":8},"end":{"line":87,"column":2}},"type":"if","locations":[{"start":{"line":68,"column":8},"end":{"line":87,"column":2}},{"start":{"line":68,"column":8},"end":{"line":87,"column":2}}],"line":68},"8":{"loc":{"start":{"line":72,"column":2},"end":{"line":74,"column":3}},"type":"if","locations":[{"start":{"line":72,"column":2},"end":{"line":74,"column":3}},{"start":{"line":72,"column":2},"end":{"line":74,"column":3}}],"line":72},"9":{"loc":{"start":{"line":76,"column":2},"end":{"line":80,"column":3}},"type":"if","locations":[{"start":{"line":76,"column":2},"end":{"line":80,"column":3}},{"start":{"line":76,"column":2},"end":{"line":80,"column":3}}],"line":76},"10":{"loc":{"start":{"line":78,"column":9},"end":{"line":80,"column":3}},"type":"if","locations":[{"start":{"line":78,"column":9},"end":{"line":80,"column":3}},{"start":{"line":78,"column":9},"end":{"line":80,"column":3}}],"line":78},"11":{"loc":{"start":{"line":95,"column":2},"end":{"line":97,"column":3}},"type":"if","locations":[{"start":{"line":95,"column":2},"end":{"line":97,"column":3}},{"start":{"line":95,"column":2},"end":{"line":97,"column":3}}],"line":95},"12":{"loc":{"start":{"line":105,"column":2},"end":{"line":107,"column":3}},"type":"if","locations":[{"start":{"line":105,"column":2},"end":{"line":107,"column":3}},{"start":{"line":105,"column":2},"end":{"line":107,"column":3}}],"line":105},"13":{"loc":{"start":{"line":115,"column":2},"end":{"line":117,"column":3}},"type":"if","locations":[{"start":{"line":115,"column":2},"end":{"line":117,"column":3}},{"start":{"line":115,"column":2},"end":{"line":117,"column":3}}],"line":115},"14":{"loc":{"start":{"line":125,"column":2},"end":{"line":127,"column":3}},"type":"if","locations":[{"start":{"line":125,"column":2},"end":{"line":127,"column":3}},{"start":{"line":125,"column":2},"end":{"line":127,"column":3}}],"line":125},"15":{"loc":{"start":{"line":140,"column":3},"end":{"line":142,"column":4}},"type":"if","locations":[{"start":{"line":140,"column":3},"end":{"line":142,"column":4}},{"start":{"line":140,"column":3},"end":{"line":142,"column":4}}],"line":140},"16":{"loc":{"start":{"line":144,"column":3},"end":{"line":146,"column":4}},"type":"if","locations":[{"start":{"line":144,"column":3},"end":{"line":146,"column":4}},{"start":{"line":144,"column":3},"end":{"line":146,"column":4}}],"line":144},"17":{"loc":{"start":{"line":169,"column":9},"end":{"line":169,"column":48}},"type":"cond-expr","locations":[{"start":{"line":169,"column":36},"end":{"line":169,"column":40}},{"start":{"line":169,"column":43},"end":{"line":169,"column":48}}],"line":169},"18":{"loc":{"start":{"line":177,"column":2},"end":{"line":179,"column":3}},"type":"if","locations":[{"start":{"line":177,"column":2},"end":{"line":179,"column":3}},{"start":{"line":177,"column":2},"end":{"line":179,"column":3}}],"line":177},"19":{"loc":{"start":{"line":185,"column":2},"end":{"line":187,"column":3}},"type":"if","locations":[{"start":{"line":185,"column":2},"end":{"line":187,"column":3}},{"start":{"line":185,"column":2},"end":{"line":187,"column":3}}],"line":185}},"s":{"0":5,"1":1000049,"2":1000049,"3":1000049,"4":5,"5":23595036,"6":1000049,"7":22594987,"8":8948703,"9":13646284,"10":22594987,"11":5,"12":126,"13":10,"14":116,"15":21,"16":95,"17":87,"18":8,"19":5,"20":2,"21":2,"22":8,"23":2,"24":5,"25":1,"26":1,"27":19,"28":1,"29":5,"30":29,"31":1,"32":28,"33":1,"34":27,"35":20,"36":7,"37":6,"38":7,"39":4,"40":3,"41":2,"42":1,"43":1,"44":22,"45":5,"46":25,"47":13,"48":12,"49":12,"50":12,"51":200001,"52":100001,"53":100000,"54":100000,"55":100000,"56":25,"57":13,"58":12,"59":12,"60":12,"61":2,"62":1,"63":1,"64":1,"65":1,"66":12,"67":12,"68":12,"69":12,"70":3,"71":12,"72":8,"73":23,"74":23,"75":23,"76":1000049,"77":1000049,"78":16,"79":2,"80":2,"81":1,"82":1,"83":2,"84":1,"85":1,"86":16,"87":2,"88":7,"89":7,"90":7,"91":1,"92":1,"93":4,"94":5,"95":5,"96":5,"97":5,"98":5,"99":5},"f":{"0":1000049,"1":23595036,"2":126,"3":2,"4":1,"5":29,"6":25,"7":200001,"8":25,"9":2,"10":23,"11":1000049,"12":16,"13":2,"14":2,"15":2,"16":16,"17":2,"18":7,"19":1,"20":4,"21":5},"b":{"0":[1000049,22594987],"1":[8948703,13646284],"2":[10,116],"3":[21,95],"4":[87,8],"5":[1,28],"6":[1,27],"7":[20,7],"8":[6,1],"9":[4,3],"10":[2,1],"11":[13,12],"12":[100001,100000],"13":[13,12],"14":[1,1],"15":[3,9],"16":[8,4],"17":[7,9],"18":[1,1],"19":[1,1]},"_coverageSchema":"332fd63041d2c1bcb487cc26dd0d5f7d97098a6c","hash":"d053a3715ee0531530fefcd45c3098928bd8599e"}
}
