{"C:\\Users\\sabri\\Documents\\Projects\\Santi\\DataStructures\\index.js": {"path":"C:\\Users\\sabri\\Documents\\Projects\\Santi\\DataStructures\\index.js","statementMap":{"0":{"start":{"line":1,"column":23},"end":{"line":1,"column":60}},"1":{"start":{"line":2,"column":22},"end":{"line":2,"column":58}},"2":{"start":{"line":4,"column":0},"end":{"line":7,"column":1}}},"fnMap":{},"branchMap":{},"s":{"0":2,"1":2,"2":2},"f":{},"b":{},"_coverageSchema":"332fd63041d2c1bcb487cc26dd0d5f7d97098a6c","hash":"8bfd4760e46d61b67ba62b3fd1c3daaf14656b78"}
,"C:\\Users\\sabri\\Documents\\Projects\\Santi\\DataStructures\\src\\queue\\CircularBuffer.js": {"path":"C:\\Users\\sabri\\Documents\\Projects\\Santi\\DataStructures\\src\\queue\\CircularBuffer.js","statementMap":{"0":{"start":{"line":4,"column":2},"end":{"line":4,"column":16}},"1":{"start":{"line":5,"column":2},"end":{"line":5,"column":18}},"2":{"start":{"line":6,"column":2},"end":{"line":6,"column":23}},"3":{"start":{"line":7,"column":2},"end":{"line":7,"column":44}},"4":{"start":{"line":11,"column":2},"end":{"line":13,"column":3}},"5":{"start":{"line":12,"column":3},"end":{"line":12,"column":71}},"6":{"start":{"line":17,"column":2},"end":{"line":21,"column":3}},"7":{"start":{"line":18,"column":3},"end":{"line":18,"column":17}},"8":{"start":{"line":19,"column":3},"end":{"line":19,"column":15}},"9":{"start":{"line":20,"column":3},"end":{"line":20,"column":30}},"10":{"start":{"line":25,"column":2},"end":{"line":25,"column":35}},"11":{"start":{"line":29,"column":2},"end":{"line":29,"column":38}},"12":{"start":{"line":33,"column":2},"end":{"line":33,"column":26}},"13":{"start":{"line":37,"column":2},"end":{"line":37,"column":21}},"14":{"start":{"line":42,"column":0},"end":{"line":42,"column":32}}},"fnMap":{"0":{"name":"(anonymous_0)","decl":{"start":{"line":3,"column":1},"end":{"line":3,"column":2}},"loc":{"start":{"line":3,"column":27},"end":{"line":8,"column":2}},"line":3},"1":{"name":"(anonymous_1)","decl":{"start":{"line":10,"column":1},"end":{"line":10,"column":2}},"loc":{"start":{"line":10,"column":14},"end":{"line":14,"column":2}},"line":10},"2":{"name":"(anonymous_2)","decl":{"start":{"line":16,"column":1},"end":{"line":16,"column":2}},"loc":{"start":{"line":16,"column":12},"end":{"line":22,"column":2}},"line":16},"3":{"name":"(anonymous_3)","decl":{"start":{"line":24,"column":1},"end":{"line":24,"column":2}},"loc":{"start":{"line":24,"column":9},"end":{"line":26,"column":2}},"line":24},"4":{"name":"(anonymous_4)","decl":{"start":{"line":28,"column":1},"end":{"line":28,"column":2}},"loc":{"start":{"line":28,"column":9},"end":{"line":30,"column":2}},"line":28},"5":{"name":"(anonymous_5)","decl":{"start":{"line":32,"column":1},"end":{"line":32,"column":2}},"loc":{"start":{"line":32,"column":10},"end":{"line":34,"column":2}},"line":32},"6":{"name":"(anonymous_6)","decl":{"start":{"line":36,"column":1},"end":{"line":36,"column":2}},"loc":{"start":{"line":36,"column":9},"end":{"line":38,"column":2}},"line":36}},"branchMap":{"0":{"loc":{"start":{"line":3,"column":14},"end":{"line":3,"column":25}},"type":"default-arg","locations":[{"start":{"line":3,"column":21},"end":{"line":3,"column":25}}],"line":3},"1":{"loc":{"start":{"line":11,"column":2},"end":{"line":13,"column":3}},"type":"if","locations":[{"start":{"line":11,"column":2},"end":{"line":13,"column":3}},{"start":{"line":11,"column":2},"end":{"line":13,"column":3}}],"line":11},"2":{"loc":{"start":{"line":17,"column":2},"end":{"line":21,"column":3}},"type":"if","locations":[{"start":{"line":17,"column":2},"end":{"line":21,"column":3}},{"start":{"line":17,"column":2},"end":{"line":21,"column":3}}],"line":17}},"s":{"0":7,"1":7,"2":7,"3":7,"4":2221,"5":1231,"6":120,"7":120,"8":120,"9":120,"10":10,"11":2221,"12":142,"13":5,"14":2},"f":{"0":7,"1":2221,"2":120,"3":10,"4":2221,"5":142,"6":5},"b":{"0":[4],"1":[1231,990],"2":[120,0]},"_coverageSchema":"332fd63041d2c1bcb487cc26dd0d5f7d97098a6c","hash":"46290ed9491145adf9af9eae380f83fcea080484"}
,"C:\\Users\\sabri\\Documents\\Projects\\Santi\\DataStructures\\src\\queue\\PriorityQueue.js": {"path":"C:\\Users\\sabri\\Documents\\Projects\\Santi\\DataStructures\\src\\queue\\PriorityQueue.js","statementMap":{"0":{"start":{"line":2,"column":12},"end":{"line":2,"column":25}},"1":{"start":{"line":3,"column":13},"end":{"line":3,"column":21}},"2":{"start":{"line":4,"column":14},"end":{"line":4,"column":19}},"3":{"start":{"line":6,"column":1},"end":{"line":8,"column":2}},"4":{"start":{"line":7,"column":2},"end":{"line":7,"column":16}},"5":{"start":{"line":10,"column":1},"end":{"line":12,"column":2}},"6":{"start":{"line":11,"column":2},"end":{"line":11,"column":17}},"7":{"start":{"line":14,"column":1},"end":{"line":19,"column":2}},"8":{"start":{"line":15,"column":13},"end":{"line":15,"column":34}},"9":{"start":{"line":16,"column":2},"end":{"line":16,"column":49}},"10":{"start":{"line":17,"column":2},"end":{"line":17,"column":32}},"11":{"start":{"line":18,"column":2},"end":{"line":18,"column":29}},"12":{"start":{"line":22,"column":16},"end":{"line":25,"column":1}},"13":{"start":{"line":23,"column":11},"end":{"line":23,"column":16}},"14":{"start":{"line":24,"column":11},"end":{"line":24,"column":16}},"15":{"start":{"line":31,"column":2},"end":{"line":45,"column":3}},"16":{"start":{"line":34,"column":4},"end":{"line":34,"column":38}},"17":{"start":{"line":35,"column":5},"end":{"line":35,"column":11}},"18":{"start":{"line":38,"column":4},"end":{"line":38,"column":30}},"19":{"start":{"line":39,"column":5},"end":{"line":39,"column":11}},"20":{"start":{"line":42,"column":4},"end":{"line":42,"column":30}},"21":{"start":{"line":47,"column":2},"end":{"line":47,"column":35}},"22":{"start":{"line":48,"column":2},"end":{"line":48,"column":17}},"23":{"start":{"line":53,"column":10},"end":{"line":53,"column":20}},"24":{"start":{"line":54,"column":2},"end":{"line":54,"column":28}},"25":{"start":{"line":55,"column":15},"end":{"line":55,"column":32}},"26":{"start":{"line":58,"column":2},"end":{"line":65,"column":3}},"27":{"start":{"line":60,"column":14},"end":{"line":60,"column":36}},"28":{"start":{"line":61,"column":3},"end":{"line":61,"column":46}},"29":{"start":{"line":62,"column":3},"end":{"line":62,"column":28}},"30":{"start":{"line":63,"column":3},"end":{"line":63,"column":14}},"31":{"start":{"line":64,"column":3},"end":{"line":64,"column":30}},"32":{"start":{"line":68,"column":2},"end":{"line":68,"column":15}},"33":{"start":{"line":72,"column":2},"end":{"line":74,"column":3}},"34":{"start":{"line":73,"column":3},"end":{"line":73,"column":10}},"35":{"start":{"line":77,"column":2},"end":{"line":77,"column":51}},"36":{"start":{"line":80,"column":2},"end":{"line":80,"column":24}},"37":{"start":{"line":82,"column":2},"end":{"line":82,"column":15}},"38":{"start":{"line":86,"column":2},"end":{"line":86,"column":27}},"39":{"start":{"line":90,"column":2},"end":{"line":90,"column":20}},"40":{"start":{"line":94,"column":2},"end":{"line":94,"column":25}},"41":{"start":{"line":99,"column":0},"end":{"line":99,"column":31}},"42":{"start":{"line":100,"column":0},"end":{"line":100,"column":23}},"43":{"start":{"line":101,"column":0},"end":{"line":101,"column":23}}},"fnMap":{"0":{"name":"heapify","decl":{"start":{"line":1,"column":9},"end":{"line":1,"column":16}},"loc":{"start":{"line":1,"column":25},"end":{"line":20,"column":1}},"line":1},"1":{"name":"(anonymous_1)","decl":{"start":{"line":23,"column":1},"end":{"line":23,"column":2}},"loc":{"start":{"line":23,"column":11},"end":{"line":23,"column":16}},"line":23},"2":{"name":"(anonymous_2)","decl":{"start":{"line":24,"column":1},"end":{"line":24,"column":2}},"loc":{"start":{"line":24,"column":11},"end":{"line":24,"column":16}},"line":24},"3":{"name":"(anonymous_3)","decl":{"start":{"line":29,"column":1},"end":{"line":29,"column":2}},"loc":{"start":{"line":29,"column":26},"end":{"line":49,"column":2}},"line":29},"4":{"name":"(anonymous_4)","decl":{"start":{"line":51,"column":1},"end":{"line":51,"column":2}},"loc":{"start":{"line":51,"column":14},"end":{"line":69,"column":2}},"line":51},"5":{"name":"(anonymous_5)","decl":{"start":{"line":71,"column":1},"end":{"line":71,"column":2}},"loc":{"start":{"line":71,"column":8},"end":{"line":83,"column":2}},"line":71},"6":{"name":"(anonymous_6)","decl":{"start":{"line":85,"column":1},"end":{"line":85,"column":2}},"loc":{"start":{"line":85,"column":9},"end":{"line":87,"column":2}},"line":85},"7":{"name":"(anonymous_7)","decl":{"start":{"line":89,"column":1},"end":{"line":89,"column":2}},"loc":{"start":{"line":89,"column":9},"end":{"line":91,"column":2}},"line":89},"8":{"name":"(anonymous_8)","decl":{"start":{"line":93,"column":1},"end":{"line":93,"column":2}},"loc":{"start":{"line":93,"column":10},"end":{"line":95,"column":2}},"line":93}},"branchMap":{"0":{"loc":{"start":{"line":6,"column":1},"end":{"line":8,"column":2}},"type":"if","locations":[{"start":{"line":6,"column":1},"end":{"line":8,"column":2}},{"start":{"line":6,"column":1},"end":{"line":8,"column":2}}],"line":6},"1":{"loc":{"start":{"line":6,"column":5},"end":{"line":6,"column":84}},"type":"binary-expr","locations":[{"start":{"line":6,"column":5},"end":{"line":6,"column":22}},{"start":{"line":6,"column":26},"end":{"line":6,"column":84}}],"line":6},"2":{"loc":{"start":{"line":10,"column":1},"end":{"line":12,"column":2}},"type":"if","locations":[{"start":{"line":10,"column":1},"end":{"line":12,"column":2}},{"start":{"line":10,"column":1},"end":{"line":12,"column":2}}],"line":10},"3":{"loc":{"start":{"line":10,"column":5},"end":{"line":10,"column":86}},"type":"binary-expr","locations":[{"start":{"line":10,"column":5},"end":{"line":10,"column":23}},{"start":{"line":10,"column":27},"end":{"line":10,"column":86}}],"line":10},"4":{"loc":{"start":{"line":14,"column":1},"end":{"line":19,"column":2}},"type":"if","locations":[{"start":{"line":14,"column":1},"end":{"line":19,"column":2}},{"start":{"line":14,"column":1},"end":{"line":19,"column":2}}],"line":14},"5":{"loc":{"start":{"line":31,"column":2},"end":{"line":45,"column":3}},"type":"switch","locations":[{"start":{"line":33,"column":3},"end":{"line":35,"column":11}},{"start":{"line":37,"column":3},"end":{"line":39,"column":11}},{"start":{"line":41,"column":3},"end":{"line":43,"column":4}}],"line":31},"6":{"loc":{"start":{"line":58,"column":9},"end":{"line":58,"column":74}},"type":"binary-expr","locations":[{"start":{"line":58,"column":9},"end":{"line":58,"column":15}},{"start":{"line":58,"column":19},"end":{"line":58,"column":74}}],"line":58},"7":{"loc":{"start":{"line":72,"column":2},"end":{"line":74,"column":3}},"type":"if","locations":[{"start":{"line":72,"column":2},"end":{"line":74,"column":3}},{"start":{"line":72,"column":2},"end":{"line":74,"column":3}}],"line":72}},"s":{"0":1134,"1":1134,"2":1134,"3":1134,"4":777,"5":1134,"6":373,"7":1134,"8":834,"9":834,"10":834,"11":834,"12":2,"13":2627,"14":480,"15":7,"16":1,"17":1,"18":1,"19":1,"20":5,"21":7,"22":7,"23":701,"24":701,"25":701,"26":701,"27":1566,"28":1566,"29":1566,"30":1566,"31":1566,"32":701,"33":300,"34":0,"35":300,"36":300,"37":300,"38":501,"39":2,"40":205,"41":2,"42":2,"43":2},"f":{"0":1134,"1":2627,"2":480,"3":7,"4":701,"5":300,"6":501,"7":2,"8":205},"b":{"0":[777,357],"1":[1134,873],"2":[373,761],"3":[1134,858],"4":[834,300],"5":[1,1,5],"6":[2267,1856],"7":[0,300]},"_coverageSchema":"332fd63041d2c1bcb487cc26dd0d5f7d97098a6c","hash":"17702b68f711a5d25df55eb120c92b4e4a548458"}
}
