TN:
SF:C:\Users\sabri\Documents\Projects\Santi\DataStructures\index.js
FNF:0
FNH:0
DA:1,2
DA:2,2
DA:4,2
LF:3
LH:3
BRF:0
BRH:0
end_of_record
TN:
SF:C:\Users\sabri\Documents\Projects\Santi\DataStructures\src\queue\CircularBuffer.js
FN:3,(anonymous_0)
FN:10,(anonymous_1)
FN:16,(anonymous_2)
FN:24,(anonymous_3)
FN:28,(anonymous_4)
FN:32,(anonymous_5)
FN:36,(anonymous_6)
FNF:7
FNH:7
FNDA:7,(anonymous_0)
FNDA:2221,(anonymous_1)
FNDA:120,(anonymous_2)
FNDA:10,(anonymous_3)
FNDA:2221,(anonymous_4)
FNDA:142,(anonymous_5)
FNDA:5,(anonymous_6)
DA:4,7
DA:5,7
DA:6,7
DA:7,7
DA:11,2221
DA:12,1231
DA:17,120
DA:18,120
DA:19,120
DA:20,120
DA:25,10
DA:29,2221
DA:33,142
DA:37,5
DA:42,2
LF:15
LH:15
BRDA:3,0,0,4
BRDA:11,1,0,1231
BRDA:11,1,1,990
BRDA:17,2,0,120
BRDA:17,2,1,0
BRF:5
BRH:4
end_of_record
TN:
SF:C:\Users\sabri\Documents\Projects\Santi\DataStructures\src\queue\PriorityQueue.js
FN:1,heapify
FN:23,(anonymous_1)
FN:24,(anonymous_2)
FN:29,(anonymous_3)
FN:51,(anonymous_4)
FN:71,(anonymous_5)
FN:85,(anonymous_6)
FN:89,(anonymous_7)
FN:93,(anonymous_8)
FNF:9
FNH:9
FNDA:1134,heapify
FNDA:2627,(anonymous_1)
FNDA:480,(anonymous_2)
FNDA:7,(anonymous_3)
FNDA:701,(anonymous_4)
FNDA:300,(anonymous_5)
FNDA:501,(anonymous_6)
FNDA:2,(anonymous_7)
FNDA:205,(anonymous_8)
DA:2,1134
DA:3,1134
DA:4,1134
DA:6,1134
DA:7,777
DA:10,1134
DA:11,373
DA:14,1134
DA:15,834
DA:16,834
DA:17,834
DA:18,834
DA:22,2
DA:23,2627
DA:24,480
DA:31,7
DA:34,1
DA:35,1
DA:38,1
DA:39,1
DA:42,5
DA:47,7
DA:48,7
DA:53,701
DA:54,701
DA:55,701
DA:58,701
DA:60,1566
DA:61,1566
DA:62,1566
DA:63,1566
DA:64,1566
DA:68,701
DA:72,300
DA:73,0
DA:77,300
DA:80,300
DA:82,300
DA:86,501
DA:90,2
DA:94,205
DA:99,2
DA:100,2
DA:101,2
LF:44
LH:43
BRDA:6,0,0,777
BRDA:6,0,1,357
BRDA:6,1,0,1134
BRDA:6,1,1,873
BRDA:10,2,0,373
BRDA:10,2,1,761
BRDA:10,3,0,1134
BRDA:10,3,1,858
BRDA:14,4,0,834
BRDA:14,4,1,300
BRDA:31,5,0,1
BRDA:31,5,1,1
BRDA:31,5,2,5
BRDA:58,6,0,2267
BRDA:58,6,1,1856
BRDA:72,7,0,0
BRDA:72,7,1,300
BRF:17
BRH:16
end_of_record
