TN:
SF:C:\Users\sabri\Documents\Projects\Santi\DataStructures\index.js
FNF:0
FNH:0
DA:2,4
DA:3,4
DA:6,4
DA:9,4
DA:11,4
LF:5
LH:5
BRF:0
BRH:0
end_of_record
TN:
SF:C:\Users\sabri\Documents\Projects\Santi\DataStructures\src\list\LinkedList.js
FN:3,(anonymous_0)
FN:12,(anonymous_1)
FN:20,(anonymous_2)
FN:28,(anonymous_3)
FN:40,(anonymous_4)
FN:57,(anonymous_5)
FN:75,(anonymous_6)
FN:79,(anonymous_7)
FN:90,(anonymous_8)
FN:105,(anonymous_9)
FN:109,(anonymous_10)
FN:113,(anonymous_11)
FN:127,(anonymous_12)
FN:141,(anonymous_13)
FNF:14
FNH:14
FNDA:291,(anonymous_0)
FNDA:22,(anonymous_1)
FNDA:287,(anonymous_2)
FNDA:61,(anonymous_3)
FNDA:4,(anonymous_4)
FNDA:4,(anonymous_5)
FNDA:160,(anonymous_6)
FNDA:7,(anonymous_7)
FNDA:5,(anonymous_8)
FNDA:9,(anonymous_9)
FNDA:6,(anonymous_10)
FNDA:2,(anonymous_11)
FNDA:2,(anonymous_12)
FNDA:1,(anonymous_13)
DA:4,291
DA:5,291
DA:13,22
DA:14,22
DA:21,287
DA:22,287
DA:29,61
DA:30,60
DA:31,60
DA:41,4
DA:43,4
DA:44,1
DA:45,1
DA:48,3
DA:50,3
DA:51,77
DA:54,3
DA:58,4
DA:60,4
DA:61,1
DA:62,1
DA:65,3
DA:66,3
DA:67,17
DA:70,3
DA:71,2
DA:76,160
DA:80,7
DA:81,7
DA:82,17
DA:85,7
DA:86,6
DA:91,5
DA:93,5
DA:94,12
DA:95,12
DA:98,5
DA:99,4
DA:102,1
DA:106,9
DA:110,6
DA:114,2
DA:116,2
DA:117,8
DA:118,1
DA:121,7
DA:124,1
DA:128,2
DA:130,2
DA:131,8
DA:132,1
DA:135,7
DA:138,1
DA:142,1
DA:143,1
DA:144,1
DA:149,4
LF:57
LH:57
BRDA:29,0,0,60
BRDA:29,0,1,1
BRDA:43,1,0,1
BRDA:43,1,1,3
BRDA:50,2,0,80
BRDA:50,2,1,78
BRDA:60,3,0,1
BRDA:60,3,1,3
BRDA:66,4,0,20
BRDA:66,4,1,18
BRDA:70,5,0,2
BRDA:70,5,1,1
BRDA:70,6,0,3
BRDA:70,6,1,2
BRDA:81,7,0,24
BRDA:81,7,1,18
BRDA:85,8,0,6
BRDA:85,8,1,1
BRDA:93,9,0,17
BRDA:93,9,1,13
BRDA:98,10,0,4
BRDA:98,10,1,1
BRDA:117,11,0,1
BRDA:117,11,1,7
BRDA:131,12,0,1
BRDA:131,12,1,7
BRF:26
BRH:26
end_of_record
TN:
SF:C:\Users\sabri\Documents\Projects\Santi\DataStructures\src\queue\CircularBuffer.js
FN:3,(anonymous_0)
FN:10,(anonymous_1)
FN:16,(anonymous_2)
FN:24,(anonymous_3)
FN:28,(anonymous_4)
FN:32,(anonymous_5)
FN:36,(anonymous_6)
FNF:7
FNH:7
FNDA:8,(anonymous_0)
FNDA:2221,(anonymous_1)
FNDA:121,(anonymous_2)
FNDA:10,(anonymous_3)
FNDA:2221,(anonymous_4)
FNDA:143,(anonymous_5)
FNDA:5,(anonymous_6)
DA:4,8
DA:5,8
DA:6,8
DA:7,8
DA:11,2221
DA:12,1231
DA:17,121
DA:18,120
DA:19,120
DA:20,120
DA:25,10
DA:29,2221
DA:33,143
DA:37,5
DA:42,4
LF:15
LH:15
BRDA:3,0,0,4
BRDA:11,1,0,1231
BRDA:11,1,1,990
BRDA:17,2,0,120
BRDA:17,2,1,1
BRF:5
BRH:5
end_of_record
TN:
SF:C:\Users\sabri\Documents\Projects\Santi\DataStructures\src\queue\PriorityQueue.js
FN:1,heapify
FN:23,(anonymous_1)
FN:24,(anonymous_2)
FN:29,(anonymous_3)
FN:51,(anonymous_4)
FN:71,(anonymous_5)
FN:85,(anonymous_6)
FN:89,(anonymous_7)
FN:93,(anonymous_8)
FNF:9
FNH:9
FNDA:1128,heapify
FNDA:2633,(anonymous_1)
FNDA:480,(anonymous_2)
FNDA:8,(anonymous_3)
FNDA:701,(anonymous_4)
FNDA:301,(anonymous_5)
FNDA:501,(anonymous_6)
FNDA:2,(anonymous_7)
FNDA:205,(anonymous_8)
DA:2,1128
DA:3,1128
DA:4,1128
DA:6,1128
DA:7,773
DA:10,1128
DA:11,372
DA:14,1128
DA:15,828
DA:16,828
DA:17,828
DA:18,828
DA:22,4
DA:23,2633
DA:24,480
DA:31,8
DA:34,1
DA:35,1
DA:38,1
DA:39,1
DA:42,6
DA:47,8
DA:48,8
DA:53,701
DA:54,701
DA:55,701
DA:58,701
DA:60,1574
DA:61,1574
DA:62,1574
DA:63,1574
DA:64,1574
DA:68,701
DA:72,301
DA:73,1
DA:77,300
DA:80,300
DA:82,300
DA:86,501
DA:90,2
DA:94,205
DA:99,4
DA:100,4
DA:101,4
LF:44
LH:44
BRDA:6,0,0,773
BRDA:6,0,1,355
BRDA:6,1,0,1128
BRDA:6,1,1,872
BRDA:10,2,0,372
BRDA:10,2,1,756
BRDA:10,3,0,1128
BRDA:10,3,1,855
BRDA:14,4,0,828
BRDA:14,4,1,300
BRDA:31,5,0,1
BRDA:31,5,1,1
BRDA:31,5,2,6
BRDA:58,6,0,2275
BRDA:58,6,1,1866
BRDA:72,7,0,1
BRDA:72,7,1,300
BRF:17
BRH:17
end_of_record
TN:
SF:C:\Users\sabri\Documents\Projects\Santi\DataStructures\src\stack\Stack.js
FN:3,(anonymous_0)
FN:12,(anonymous_1)
FN:20,(anonymous_2)
FN:28,(anonymous_3)
FN:35,(anonymous_4)
FN:43,(anonymous_5)
FN:47,(anonymous_6)
FN:51,(anonymous_7)
FNF:8
FNH:8
FNDA:115,(anonymous_0)
FNDA:8,(anonymous_1)
FNDA:115,(anonymous_2)
FNDA:61,(anonymous_3)
FNDA:103,(anonymous_4)
FNDA:9,(anonymous_5)
FNDA:6,(anonymous_6)
FNDA:1,(anonymous_7)
DA:4,115
DA:5,115
DA:13,8
DA:14,8
DA:21,115
DA:22,115
DA:29,61
DA:30,60
DA:31,60
DA:36,103
DA:37,101
DA:40,2
DA:44,9
DA:48,6
DA:52,1
DA:53,1
DA:58,4
LF:17
LH:17
BRDA:29,0,0,60
BRDA:29,0,1,1
BRDA:36,1,0,101
BRDA:36,1,1,2
BRF:4
BRH:4
end_of_record
